Start testing: Jul 25 22:02 EEST
----------------------------------------------------------
4/4 Testing: reporter
4/4 Test: reporter
Command: "/home/vladiant/Workplace/pcapgrammar/build/tests/test_reporter"
Directory: /home/vladiant/Workplace/pcapgrammar/build/tests
"reporter" start time: Jul 25 22:02 EEST
Output:
----------------------------------------------------------
Running main() from ./googletest/src/gtest_main.cc
[==========] Running 7 tests from 1 test suite.
[----------] Global test environment set-up.
[----------] 7 tests from Reporter
[ RUN      ] Reporter.ExitCode0NoViolations
[       OK ] Reporter.ExitCode0NoViolations (0 ms)
[ RUN      ] Reporter.ExitCode1WithViolation
VIOLATION flow=127.0.0.1:1234->127.0.0.2:80 offset=0 state=s1 msg=bad msg
[       OK ] Reporter.ExitCode1WithViolation (0 ms)
[ RUN      ] Reporter.PrintSummaryFormat
VIOLATION flow=127.0.0.1:1234->127.0.0.2:80 offset=0 state=s1 msg=bad msg
[       OK ] Reporter.PrintSummaryFormat (0 ms)
[ RUN      ] Reporter.ViolationLineFormat
[       OK ] Reporter.ViolationLineFormat (0 ms)
[ RUN      ] Reporter.VerboseModeIncludesMatch
[       OK ] Reporter.VerboseModeIncludesMatch (0 ms)
[ RUN      ] Reporter.NonVerboseOmitsMatch
[       OK ] Reporter.NonVerboseOmitsMatch (0 ms)
[ RUN      ] Reporter.Counters
VIOLATION flow=127.0.0.1:1234->127.0.0.2:80 offset=0 state=s1 msg=bad msg
VIOLATION flow=127.0.0.1:1234->127.0.0.2:80 offset=0 state=s1 msg=bad msg
[       OK ] Reporter.Counters (0 ms)
[----------] 7 tests from Reporter (0 ms total)

[----------] Global test environment tear-down
[==========] 7 tests from 1 test suite ran. (0 ms total)
[  PASSED  ] 7 tests.
<end of output>
Test time =   0.00 sec
----------------------------------------------------------
Test Passed.
"reporter" end time: Jul 25 22:02 EEST
"reporter" time elapsed: 00:00:00
----------------------------------------------------------

End testing: Jul 25 22:02 EEST
